====== compile.log ======
====== test_public.log ======
>SPLIT<
>TEST=normal<
to proved it's updated
EXIT=0
>SPLIT<
>TEST=hi_lt_low<
Error! lo > hi!
EXIT=1
>SPLIT<
>TEST=too_hi<
Error! lo > hi!
EXIT=1
>SPLIT<
>TEST=too_low<
Error! lo > hi!
EXIT=1
>SPLIT<
>TEST=too_both<
Error! lo > hi!
EXIT=1
>SPLIT<
>TEST=randomness<
100 
-78 
8 
-87 
-83 
-70 
70 
87 
39 
25 
40 
-40 
28 
63 
68 
86 
-60 
27 
99 
90 
76 
-38 
28 
56 
50 
6 
-8 
27 
95 
85 
58 
-76 
57 
-85 
89 
74 
-55 
58 
60 
84 
-18 
-51 
94 
-91 
-88 
11 
95 
-98 
-62 
93 
93 
64 
-95 
20 
20 
55 
76 
62 
-68 
70 
-4 
40 
45 
-47 
55 
33 
-74 
100 
-60 
37 
34 
22 
36 
-23 
-18 
-2 
89 
-74 
1 
77 
70 
-7 
40 
25 
63 
-91 
-71 
39 
21 
-39 
-42 
-83 
51 
53 
-80 
5 
-15 
97 
-45 
-25 
-17 
CHECK
100 
-100 
-75 
-38 
-8 
-10 
-52 
100 
-92 
-18 
-2 
-90 
-23 
-87 
-54 
44 
85 
-7 
69 
-9 
-46 
66 
-33 
33 
-19 
35 
-94 
69 
24 
-65 
33 
49 
-65 
59 
-89 
-22 
-52 
-41 
-23 
-93 
41 
75 
68 
68 
38 
-87 
11 
23 
-44 
-70 
-87 
10 
46 
-19 
93 
-74 
66 
99 
95 
-61 
84 
28 
88 
70 
-64 
99 
-53 
-66 
-43 
-26 
92 
48 
-52 
59 
16 
87 
22 
77 
-41 
28 
-94 
-78 
-63 
53 
-47 
-71 
29 
-82 
78 
24 
-93 
12 
-99 
96 
-19 
88 
94 
28 
-79 
-99 
-99 
>SPLIT<
>TEST=sort<
BEFORE=1652660332436262
TIME=319
AFTER=1652660332441031
1000 
-999 
-998 
-996 
-996 
-996 
-987 
-986 
-984 
-982 
-979 
-977 
-973 
-973 
-973 
-972 
-972 
-967 
-963 
-961 
-957 
-957 
-951 
-949 
-949 
-948 
-943 
-942 
-942 
-933 
-933 
-931 
-925 
-921 
-916 
-911 
-909 
-908 
-901 
-900 
-896 
-894 
-893 
-892 
-891 
-890 
-889 
-889 
-889 
-887 
-887 
-887 
-885 
-882 
-881 
-880 
-879 
-878 
-878 
-876 
-875 
-874 
-866 
-865 
-860 
-859 
-857 
-856 
-854 
-849 
-843 
-841 
-838 
-838 
-836 
-833 
-833 
-832 
-826 
-820 
-820 
-820 
-819 
-818 
-818 
-817 
-816 
-815 
-811 
-810 
-809 
-809 
-802 
-802 
-801 
-801 
-801 
-793 
-792 
-790 
-789 
-788 
-787 
-785 
-783 
-783 
-783 
-782 
-781 
-780 
-778 
-775 
-775 
-774 
-771 
-767 
-765 
-763 
-763 
-762 
-761 
-760 
-760 
-759 
-756 
-750 
-748 
-748 
-743 
-738 
-735 
-735 
-734 
-730 
-729 
-728 
-724 
-724 
-716 
-713 
-713 
-712 
-712 
-710 
-709 
-706 
-705 
-702 
-702 
-699 
-698 
-698 
-697 
-695 
-694 
-692 
-689 
-687 
-681 
-679 
-678 
-677 
-675 
-675 
-673 
-671 
-665 
-660 
-655 
-654 
-650 
-647 
-645 
-642 
-640 
-639 
-639 
-637 
-635 
-634 
-633 
-632 
-631 
-630 
-627 
-626 
-626 
-625 
-623 
-622 
-618 
-614 
-614 
-613 
-612 
-612 
-610 
-609 
-609 
-608 
-605 
-605 
-605 
-603 
-603 
-603 
-602 
-601 
-596 
-596 
-594 
-588 
-585 
-584 
-582 
-576 
-574 
-571 
-568 
-568 
-567 
-566 
-563 
-563 
-560 
-548 
-546 
-544 
-543 
-543 
-543 
-541 
-539 
-538 
-537 
-537 
-537 
-536 
-533 
-531 
-527 
-525 
-525 
-522 
-522 
-521 
-517 
-516 
-515 
-514 
-512 
-510 
-509 
-508 
-508 
-503 
-498 
-497 
-496 
-495 
-494 
-492 
-491 
-490 
-490 
-489 
-484 
-484 
-482 
-479 
-478 
-475 
-474 
-472 
-469 
-469 
-467 
-461 
-456 
-454 
-453 
-451 
-451 
-444 
-442 
-439 
-429 
-428 
-423 
-420 
-418 
-415 
-410 
-409 
-409 
-405 
-405 
-405 
-401 
-392 
-388 
-388 
-386 
-383 
-383 
-376 
-369 
-369 
-369 
-367 
-364 
-364 
-363 
-362 
-361 
-359 
-359 
-356 
-356 
-355 
-354 
-353 
-352 
-352 
-346 
-344 
-343 
-341 
-338 
-329 
-328 
-328 
-328 
-326 
-324 
-322 
-321 
-318 
-318 
-312 
-304 
-299 
-296 
-294 
-292 
-291 
-289 
-288 
-283 
-283 
-282 
-280 
-279 
-278 
-277 
-272 
-266 
-263 
-261 
-260 
-260 
-258 
-256 
-254 
-252 
-249 
-248 
-247 
-246 
-246 
-244 
-244 
-243 
-239 
-238 
-238 
-237 
-236 
-233 
-232 
-232 
-230 
-228 
-227 
-222 
-217 
-216 
-215 
-214 
-214 
-211 
-208 
-201 
-197 
-193 
-188 
-184 
-182 
-179 
-178 
-177 
-172 
-170 
-169 
-169 
-168 
-167 
-166 
-162 
-161 
-160 
-160 
-155 
-150 
-147 
-145 
-143 
-142 
-136 
-135 
-133 
-130 
-126 
-124 
-123 
-117 
-117 
-112 
-110 
-110 
-108 
-108 
-108 
-105 
-105 
-102 
-98 
-95 
-95 
-92 
-92 
-89 
-89 
-87 
-87 
-85 
-83 
-83 
-80 
-78 
-78 
-77 
-77 
-74 
-73 
-71 
-70 
-67 
-67 
-64 
-63 
-62 
-60 
-57 
-57 
-55 
-54 
-53 
-49 
-47 
-47 
-43 
-43 
-43 
-41 
-40 
-39 
-39 
-38 
-36 
-35 
-30 
-30 
-27 
-26 
-22 
-22 
-21 
-21 
-19 
-12 
-10 
-9 
-9 
-7 
-6 
-3 
-3 
3 
3 
5 
7 
7 
7 
10 
13 
14 
17 
18 
20 
22 
28 
29 
31 
32 
34 
35 
39 
39 
39 
40 
43 
45 
47 
47 
48 
49 
52 
54 
55 
57 
65 
67 
70 
76 
80 
81 
82 
83 
83 
84 
87 
88 
89 
95 
103 
103 
107 
107 
107 
109 
110 
110 
111 
112 
113 
113 
115 
117 
119 
120 
121 
124 
124 
125 
126 
126 
127 
127 
129 
130 
133 
135 
137 
137 
137 
137 
139 
140 
141 
143 
143 
144 
144 
144 
145 
146 
151 
151 
153 
161 
162 
162 
166 
166 
166 
169 
170 
173 
174 
175 
175 
175 
176 
178 
180 
182 
182 
185 
185 
198 
198 
200 
206 
206 
209 
209 
213 
214 
225 
225 
228 
230 
230 
231 
232 
233 
236 
236 
238 
242 
243 
244 
247 
247 
249 
249 
253 
254 
255 
256 
256 
256 
261 
265 
266 
268 
268 
269 
270 
272 
272 
272 
273 
275 
276 
276 
277 
282 
284 
285 
285 
286 
290 
290 
292 
297 
298 
302 
305 
306 
308 
309 
315 
315 
320 
322 
323 
326 
330 
333 
335 
335 
337 
337 
337 
338 
339 
341 
342 
342 
345 
346 
347 
349 
351 
351 
352 
355 
362 
362 
364 
372 
373 
377 
380 
380 
382 
386 
386 
388 
388 
390 
393 
394 
395 
398 
399 
400 
400 
401 
403 
409 
413 
414 
414 
417 
418 
421 
422 
424 
426 
427 
428 
430 
431 
431 
433 
433 
435 
436 
440 
443 
444 
446 
450 
454 
456 
458 
458 
459 
464 
467 
475 
476 
478 
480 
480 
481 
484 
486 
486 
488 
490 
492 
493 
497 
499 
499 
500 
507 
509 
511 
512 
518 
518 
520 
522 
524 
525 
525 
527 
528 
530 
531 
531 
540 
542 
545 
547 
547 
548 
549 
549 
550 
552 
558 
558 
560 
561 
566 
567 
567 
567 
569 
573 
574 
576 
578 
581 
581 
582 
585 
589 
601 
602 
603 
605 
606 
608 
609 
609 
610 
612 
613 
622 
623 
623 
623 
626 
628 
629 
630 
631 
632 
633 
633 
635 
636 
638 
648 
648 
649 
649 
649 
651 
653 
658 
664 
665 
667 
668 
668 
669 
672 
678 
678 
679 
680 
680 
681 
683 
686 
693 
694 
694 
698 
699 
700 
703 
703 
704 
706 
708 
710 
711 
718 
720 
721 
721 
722 
722 
727 
727 
729 
740 
742 
743 
744 
747 
748 
749 
750 
752 
752 
753 
754 
758 
759 
760 
761 
762 
763 
764 
766 
768 
771 
772 
775 
787 
787 
790 
791 
791 
793 
794 
795 
797 
798 
804 
810 
810 
811 
812 
812 
815 
818 
823 
827 
832 
834 
836 
839 
841 
843 
844 
845 
846 
849 
850 
850 
851 
853 
854 
855 
855 
858 
859 
860 
863 
863 
868 
870 
873 
877 
877 
879 
879 
883 
884 
886 
895 
899 
902 
903 
904 
904 
905 
907 
907 
908 
913 
915 
915 
918 
918 
921 
929 
930 
933 
941 
942 
943 
952 
955 
957 
958 
961 
961 
964 
967 
971 
972 
972 
975 
975 
989 
991 
993 
999 
1000 
